[2023-08-16T19:57:13.289+0000] {taskinstance.py:1087} INFO - Dependencies all met for <TaskInstance: random_user_v1.get_data_from_api scheduled__2023-08-08T00:00:00+00:00 [queued]>
[2023-08-16T19:57:13.298+0000] {taskinstance.py:1087} INFO - Dependencies all met for <TaskInstance: random_user_v1.get_data_from_api scheduled__2023-08-08T00:00:00+00:00 [queued]>
[2023-08-16T19:57:13.299+0000] {taskinstance.py:1283} INFO - 
--------------------------------------------------------------------------------
[2023-08-16T19:57:13.300+0000] {taskinstance.py:1284} INFO - Starting attempt 1 of 6
[2023-08-16T19:57:13.301+0000] {taskinstance.py:1285} INFO - 
--------------------------------------------------------------------------------
[2023-08-16T19:57:13.312+0000] {taskinstance.py:1304} INFO - Executing <Task(PythonOperator): get_data_from_api> on 2023-08-08 00:00:00+00:00
[2023-08-16T19:57:13.324+0000] {standard_task_runner.py:55} INFO - Started process 1803 to run task
[2023-08-16T19:57:13.329+0000] {standard_task_runner.py:82} INFO - Running: ['***', 'tasks', 'run', 'random_user_v1', 'get_data_from_api', 'scheduled__2023-08-08T00:00:00+00:00', '--job-id', '7', '--raw', '--subdir', 'DAGS_FOLDER/random_user_etl.py', '--cfg-path', '/tmp/tmpyajcklg_']
[2023-08-16T19:57:13.331+0000] {standard_task_runner.py:83} INFO - Job 7: Subtask get_data_from_api
[2023-08-16T19:57:13.402+0000] {task_command.py:389} INFO - Running <TaskInstance: random_user_v1.get_data_from_api scheduled__2023-08-08T00:00:00+00:00 [running]> on host c0eab1525b89
[2023-08-16T19:57:13.459+0000] {taskinstance.py:1513} INFO - Exporting the following env vars:
AIRFLOW_CTX_DAG_OWNER=mujjeeb
AIRFLOW_CTX_DAG_ID=random_user_v1
AIRFLOW_CTX_TASK_ID=get_data_from_api
AIRFLOW_CTX_EXECUTION_DATE=2023-08-08T00:00:00+00:00
AIRFLOW_CTX_TRY_NUMBER=1
AIRFLOW_CTX_DAG_RUN_ID=scheduled__2023-08-08T00:00:00+00:00
[2023-08-16T19:57:14.777+0000] {python.py:177} INFO - Done. Returned value was: {'results': [{'gender': 'male', 'name': {'title': 'Mr', 'first': 'Brad', 'last': 'Webb'}, 'location': {'street': {'number': 3936, 'name': 'Strand Road'}, 'city': 'Sallins', 'state': 'Cork', 'country': 'Ireland', 'postcode': 33458, 'coordinates': {'latitude': '-4.1665', 'longitude': '-65.5782'}, 'timezone': {'offset': '-12:00', 'description': 'Eniwetok, Kwajalein'}}, 'email': 'brad.webb@example.com', 'login': {'uuid': '1f06cd14-f419-4d4a-92b2-6d36e58f3b6c', 'username': 'saddog456', 'password': '***', 'salt': '9sgMZsMg', 'md5': 'c74e512f97ebc478d5ac58460c91f1f8', 'sha1': '870d9739b5e21a6f671f4e27a468e64e8222946f', 'sha256': '222571494bccbfc48f89793a27d90188e126c199ed74e7198d99afbb51c668ea'}, 'dob': {'date': '1992-04-10T23:18:52.800Z', 'age': 31}, 'registered': {'date': '2006-12-05T21:25:56.753Z', 'age': 16}, 'phone': '071-359-2647', 'cell': '081-728-9682', 'id': {'name': 'PPS', 'value': '2929063T'}, 'picture': {'large': 'https://randomuser.me/api/portraits/men/39.jpg', 'medium': 'https://randomuser.me/api/portraits/med/men/39.jpg', 'thumbnail': 'https://randomuser.me/api/portraits/thumb/men/39.jpg'}, 'nat': 'IE'}], 'info': {'seed': 'bac8abd4519e7319', 'results': 1, 'page': 1, 'version': '1.4'}}
[2023-08-16T19:57:14.803+0000] {taskinstance.py:1327} INFO - Marking task as SUCCESS. dag_id=random_user_v1, task_id=get_data_from_api, execution_date=20230808T000000, start_date=20230816T195713, end_date=20230816T195714
[2023-08-16T19:57:14.839+0000] {local_task_job.py:159} INFO - Task exited with return code 0
[2023-08-16T19:57:14.864+0000] {taskinstance.py:2582} INFO - 1 downstream tasks scheduled from follow-on schedule check
