[2023-08-16T20:04:25.210+0000] {taskinstance.py:1087} INFO - Dependencies all met for <TaskInstance: random_user_v1.extract_relevant_credentials scheduled__2023-08-12T00:00:00+00:00 [queued]>
[2023-08-16T20:04:25.217+0000] {taskinstance.py:1087} INFO - Dependencies all met for <TaskInstance: random_user_v1.extract_relevant_credentials scheduled__2023-08-12T00:00:00+00:00 [queued]>
[2023-08-16T20:04:25.218+0000] {taskinstance.py:1283} INFO - 
--------------------------------------------------------------------------------
[2023-08-16T20:04:25.220+0000] {taskinstance.py:1284} INFO - Starting attempt 2 of 6
[2023-08-16T20:04:25.220+0000] {taskinstance.py:1285} INFO - 
--------------------------------------------------------------------------------
[2023-08-16T20:04:25.230+0000] {taskinstance.py:1304} INFO - Executing <Task(PythonOperator): extract_relevant_credentials> on 2023-08-12 00:00:00+00:00
[2023-08-16T20:04:25.238+0000] {standard_task_runner.py:55} INFO - Started process 2380 to run task
[2023-08-16T20:04:25.243+0000] {standard_task_runner.py:82} INFO - Running: ['***', 'tasks', 'run', 'random_user_v1', 'extract_relevant_credentials', 'scheduled__2023-08-12T00:00:00+00:00', '--job-id', '42', '--raw', '--subdir', 'DAGS_FOLDER/random_user_etl.py', '--cfg-path', '/tmp/tmp17s1yy2w']
[2023-08-16T20:04:25.245+0000] {standard_task_runner.py:83} INFO - Job 42: Subtask extract_relevant_credentials
[2023-08-16T20:04:25.309+0000] {task_command.py:389} INFO - Running <TaskInstance: random_user_v1.extract_relevant_credentials scheduled__2023-08-12T00:00:00+00:00 [running]> on host c0eab1525b89
[2023-08-16T20:04:25.420+0000] {taskinstance.py:1513} INFO - Exporting the following env vars:
AIRFLOW_CTX_DAG_OWNER=mujjeeb
AIRFLOW_CTX_DAG_ID=random_user_v1
AIRFLOW_CTX_TASK_ID=extract_relevant_credentials
AIRFLOW_CTX_EXECUTION_DATE=2023-08-12T00:00:00+00:00
AIRFLOW_CTX_TRY_NUMBER=2
AIRFLOW_CTX_DAG_RUN_ID=scheduled__2023-08-12T00:00:00+00:00
[2023-08-16T20:04:25.424+0000] {python.py:177} INFO - Done. Returned value was: (['آرمین', 'Brecht', 'Aiden', 'Hedi', 'Aada', 'Ladislav', 'Côme', 'Floriaan', 'Erwin', 'José Carlos'], ['سلطانی نژاد', 'Bergstra', 'Lewis', 'Leinweber', 'Lehto', 'Kirey', 'Aubert', 'Schreijer', 'Giraud', 'Chavarría'], ['male', 'male', 'male', 'female', 'female', 'male', 'male', 'male', 'male', 'male'], ['armyn.sltnynjd@example.com', 'brecht.bergstra@example.com', 'aiden.lewis@example.com', 'hedi.leinweber@example.com', 'aada.lehto@example.com', 'ladislav.kirey@example.com', 'come.aubert@example.com', 'floriaan.schreijer@example.com', 'erwin.giraud@example.com', 'josecarlos.chavarria@example.com'], [datetime.date(1961, 10, 8), datetime.date(1973, 1, 28), datetime.date(1960, 9, 9), datetime.date(1999, 2, 11), datetime.date(1949, 12, 17), datetime.date(1960, 4, 30), datetime.date(1949, 3, 8), datetime.date(1948, 1, 1), datetime.date(1945, 2, 21), datetime.date(1995, 5, 26)], ['Iran', 'Netherlands', 'New Zealand', 'Germany', 'Finland', 'Ukraine', 'France', 'Netherlands', 'Switzerland', 'Mexico'], ['House 3729, پاسداران', 'House 8995, Anke Weidemapad', 'House 8868, Portsmouth Drive', 'House 78, Kastanienweg', 'House 3555, Fredrikinkatu', 'House 9362, Generala Puhova', 'House 5240, Rue des Écoles', 'House 1351, Havensteeg', 'House 4463, Rue de Gerland', 'House 7074, Privada Sur Madrigal'], ['بیرجند', 'Eck en Wiel', 'Taupo', 'Wahlstedt', 'Iitti', 'Bershad', 'Saint-Pierre', 'Casteren', 'Auw', 'General Pedro María Anaya'], ['کردستان', 'Gelderland', 'Nelson', 'Hamburg', 'Southern Savonia', 'Mikolayivska', 'Corrèze', 'Zeeland', 'Basel-Landschaft', 'Puebla'], [97000, '2456 GL', 19551, 73321, 22418, 19713, 91094, '2843 CR', 3233, 57701], ['096-13191760', '(075) 9409665', '(037)-014-3745', '0516-6853928', '02-649-060', '(098) T37-2957', '02-41-18-38-01', '(062) 4831191', '076 205 15 68', '(676) 207 0696'], ['0999-167-8518', '(06) 29167823', '(341)-995-4106', '0179-6637076', '043-807-61-24', '(098) U27-1389', '06-66-63-72-47', '(06) 60838311', '078 743 05 71', '(604) 821 0344'])
[2023-08-16T20:04:25.434+0000] {taskinstance.py:1772} ERROR - Task failed with exception
Traceback (most recent call last):
  File "/home/airflow/.local/lib/python3.7/site-packages/airflow/utils/session.py", line 72, in wrapper
    return func(*args, **kwargs)
  File "/home/airflow/.local/lib/python3.7/site-packages/airflow/models/taskinstance.py", line 2301, in xcom_push
    session=session,
  File "/home/airflow/.local/lib/python3.7/site-packages/airflow/utils/session.py", line 72, in wrapper
    return func(*args, **kwargs)
  File "/home/airflow/.local/lib/python3.7/site-packages/airflow/models/xcom.py", line 240, in set
    map_index=map_index,
  File "/home/airflow/.local/lib/python3.7/site-packages/airflow/models/xcom.py", line 627, in serialize_value
    return json.dumps(value, cls=XComEncoder).encode("UTF-8")
  File "/usr/local/lib/python3.7/json/__init__.py", line 238, in dumps
    **kw).encode(obj)
  File "/home/airflow/.local/lib/python3.7/site-packages/airflow/utils/json.py", line 176, in encode
    return super().encode(o)
  File "/usr/local/lib/python3.7/json/encoder.py", line 199, in encode
    chunks = self.iterencode(o, _one_shot=True)
  File "/usr/local/lib/python3.7/json/encoder.py", line 257, in iterencode
    return _iterencode(o, 0)
  File "/home/airflow/.local/lib/python3.7/site-packages/airflow/utils/json.py", line 153, in default
    CLASSNAME: o.__module__ + "." + o.__class__.__qualname__,
AttributeError: 'datetime.date' object has no attribute '__module__'
[2023-08-16T20:04:25.446+0000] {taskinstance.py:1327} INFO - Marking task as UP_FOR_RETRY. dag_id=random_user_v1, task_id=extract_relevant_credentials, execution_date=20230812T000000, start_date=20230816T200425, end_date=20230816T200425
[2023-08-16T20:04:25.454+0000] {standard_task_runner.py:105} ERROR - Failed to execute job 42 for task extract_relevant_credentials ('datetime.date' object has no attribute '__module__'; 2380)
[2023-08-16T20:04:25.497+0000] {local_task_job.py:159} INFO - Task exited with return code 1
[2023-08-16T20:04:25.520+0000] {taskinstance.py:2582} INFO - 0 downstream tasks scheduled from follow-on schedule check
