[2023-08-16T19:57:10.622+0000] {taskinstance.py:1087} INFO - Dependencies all met for <TaskInstance: random_user_v1.get_data_from_api scheduled__2023-08-04T00:00:00+00:00 [queued]>
[2023-08-16T19:57:10.638+0000] {taskinstance.py:1087} INFO - Dependencies all met for <TaskInstance: random_user_v1.get_data_from_api scheduled__2023-08-04T00:00:00+00:00 [queued]>
[2023-08-16T19:57:10.639+0000] {taskinstance.py:1283} INFO - 
--------------------------------------------------------------------------------
[2023-08-16T19:57:10.640+0000] {taskinstance.py:1284} INFO - Starting attempt 1 of 6
[2023-08-16T19:57:10.641+0000] {taskinstance.py:1285} INFO - 
--------------------------------------------------------------------------------
[2023-08-16T19:57:10.652+0000] {taskinstance.py:1304} INFO - Executing <Task(PythonOperator): get_data_from_api> on 2023-08-04 00:00:00+00:00
[2023-08-16T19:57:10.660+0000] {standard_task_runner.py:55} INFO - Started process 1795 to run task
[2023-08-16T19:57:10.665+0000] {standard_task_runner.py:82} INFO - Running: ['***', 'tasks', 'run', 'random_user_v1', 'get_data_from_api', 'scheduled__2023-08-04T00:00:00+00:00', '--job-id', '5', '--raw', '--subdir', 'DAGS_FOLDER/random_user_etl.py', '--cfg-path', '/tmp/tmp3v3rshlg']
[2023-08-16T19:57:10.667+0000] {standard_task_runner.py:83} INFO - Job 5: Subtask get_data_from_api
[2023-08-16T19:57:10.728+0000] {task_command.py:389} INFO - Running <TaskInstance: random_user_v1.get_data_from_api scheduled__2023-08-04T00:00:00+00:00 [running]> on host c0eab1525b89
[2023-08-16T19:57:10.781+0000] {taskinstance.py:1513} INFO - Exporting the following env vars:
AIRFLOW_CTX_DAG_OWNER=mujjeeb
AIRFLOW_CTX_DAG_ID=random_user_v1
AIRFLOW_CTX_TASK_ID=get_data_from_api
AIRFLOW_CTX_EXECUTION_DATE=2023-08-04T00:00:00+00:00
AIRFLOW_CTX_TRY_NUMBER=1
AIRFLOW_CTX_DAG_RUN_ID=scheduled__2023-08-04T00:00:00+00:00
[2023-08-16T19:57:12.015+0000] {python.py:177} INFO - Done. Returned value was: {'results': [{'gender': 'female', 'name': {'title': 'Mrs', 'first': 'Deniz', 'last': 'Kılıççı'}, 'location': {'street': {'number': 551, 'name': 'Kushimoto Sk'}, 'city': 'Gümüşhane', 'state': 'Aydın', 'country': 'Turkey', 'postcode': 51486, 'coordinates': {'latitude': '67.1544', 'longitude': '74.0803'}, 'timezone': {'offset': '-3:30', 'description': 'Newfoundland'}}, 'email': 'deniz.kilicci@example.com', 'login': {'uuid': '38850351-71bd-4390-9012-a564ce712931', 'username': 'blackmouse386', 'password': '***', 'salt': 'gS1lMctc', 'md5': '22d6f4e3c61fda14a182d3f78bfa7e00', 'sha1': '692d98a971c7399ce1517a5fa53400516b5ee449', 'sha256': '4cb7e0918cc1fde44a2196d877fd37e9af1db49b848223093af0c910c3a86a20'}, 'dob': {'date': '1968-04-03T06:02:42.406Z', 'age': 55}, 'registered': {'date': '2007-10-04T13:34:03.120Z', 'age': 15}, 'phone': '(940)-162-1130', 'cell': '(995)-323-3478', 'id': {'name': '', 'value': None}, 'picture': {'large': 'https://randomuser.me/api/portraits/women/73.jpg', 'medium': 'https://randomuser.me/api/portraits/med/women/73.jpg', 'thumbnail': 'https://randomuser.me/api/portraits/thumb/women/73.jpg'}, 'nat': 'TR'}], 'info': {'seed': '612e2a2f48ce2b08', 'results': 1, 'page': 1, 'version': '1.4'}}
[2023-08-16T19:57:12.040+0000] {taskinstance.py:1327} INFO - Marking task as SUCCESS. dag_id=random_user_v1, task_id=get_data_from_api, execution_date=20230804T000000, start_date=20230816T195710, end_date=20230816T195712
[2023-08-16T19:57:12.068+0000] {local_task_job.py:159} INFO - Task exited with return code 0
[2023-08-16T19:57:12.092+0000] {taskinstance.py:2582} INFO - 1 downstream tasks scheduled from follow-on schedule check
