[2023-08-16T20:01:59.221+0000] {taskinstance.py:1087} INFO - Dependencies all met for <TaskInstance: random_user_v1.get_data_from_api scheduled__2023-08-13T00:00:00+00:00 [queued]>
[2023-08-16T20:01:59.230+0000] {taskinstance.py:1087} INFO - Dependencies all met for <TaskInstance: random_user_v1.get_data_from_api scheduled__2023-08-13T00:00:00+00:00 [queued]>
[2023-08-16T20:01:59.231+0000] {taskinstance.py:1283} INFO - 
--------------------------------------------------------------------------------
[2023-08-16T20:01:59.232+0000] {taskinstance.py:1284} INFO - Starting attempt 3 of 6
[2023-08-16T20:01:59.233+0000] {taskinstance.py:1285} INFO - 
--------------------------------------------------------------------------------
[2023-08-16T20:01:59.242+0000] {taskinstance.py:1304} INFO - Executing <Task(PythonOperator): get_data_from_api> on 2023-08-13 00:00:00+00:00
[2023-08-16T20:01:59.249+0000] {standard_task_runner.py:55} INFO - Started process 2174 to run task
[2023-08-16T20:01:59.254+0000] {standard_task_runner.py:82} INFO - Running: ['***', 'tasks', 'run', 'random_user_v1', 'get_data_from_api', 'scheduled__2023-08-13T00:00:00+00:00', '--job-id', '26', '--raw', '--subdir', 'DAGS_FOLDER/random_user_etl.py', '--cfg-path', '/tmp/tmpnds458iy']
[2023-08-16T20:01:59.255+0000] {standard_task_runner.py:83} INFO - Job 26: Subtask get_data_from_api
[2023-08-16T20:01:59.327+0000] {task_command.py:389} INFO - Running <TaskInstance: random_user_v1.get_data_from_api scheduled__2023-08-13T00:00:00+00:00 [running]> on host c0eab1525b89
[2023-08-16T20:01:59.417+0000] {taskinstance.py:1513} INFO - Exporting the following env vars:
AIRFLOW_CTX_DAG_OWNER=mujjeeb
AIRFLOW_CTX_DAG_ID=random_user_v1
AIRFLOW_CTX_TASK_ID=get_data_from_api
AIRFLOW_CTX_EXECUTION_DATE=2023-08-13T00:00:00+00:00
AIRFLOW_CTX_TRY_NUMBER=3
AIRFLOW_CTX_DAG_RUN_ID=scheduled__2023-08-13T00:00:00+00:00
[2023-08-16T20:02:00.422+0000] {python.py:177} INFO - Done. Returned value was: {'results': [{'gender': 'female', 'name': {'title': 'Ms', 'first': 'Afşar', 'last': 'Akman'}, 'location': {'street': {'number': 6414, 'name': 'Bağdat Cd'}, 'city': 'Samsun', 'state': 'Bitlis', 'country': 'Turkey', 'postcode': 46993, 'coordinates': {'latitude': '65.7377', 'longitude': '7.3120'}, 'timezone': {'offset': '+8:00', 'description': 'Beijing, Perth, Singapore, Hong Kong'}}, 'email': 'afsar.akman@example.com', 'login': {'uuid': '11fdada2-6dfd-4244-a3d7-e8dc88782c4b', 'username': 'heavytiger605', 'password': '***', 'salt': 'Z01iqrkl', 'md5': '4ddfcde0289d8a248e82450188180ef6', 'sha1': '190746ce6a3cc06cec71ff0d820e91d002836a6f', 'sha256': 'b6a872d45e0c626e967e002d809add63148a92dbb29f6506abd5cf48a7d24501'}, 'dob': {'date': '1993-10-11T22:15:53.743Z', 'age': 29}, 'registered': {'date': '2018-07-17T19:15:54.750Z', 'age': 5}, 'phone': '(545)-172-7754', 'cell': '(219)-196-5311', 'id': {'name': '', 'value': None}, 'picture': {'large': 'https://randomuser.me/api/portraits/women/49.jpg', 'medium': 'https://randomuser.me/api/portraits/med/women/49.jpg', 'thumbnail': 'https://randomuser.me/api/portraits/thumb/women/49.jpg'}, 'nat': 'TR'}], 'info': {'seed': '3229ad2350c1ae67', 'results': 1, 'page': 1, 'version': '1.4'}}
[2023-08-16T20:02:00.451+0000] {taskinstance.py:1327} INFO - Marking task as SUCCESS. dag_id=random_user_v1, task_id=get_data_from_api, execution_date=20230813T000000, start_date=20230816T200159, end_date=20230816T200200
[2023-08-16T20:02:00.478+0000] {local_task_job.py:159} INFO - Task exited with return code 0
[2023-08-16T20:02:00.515+0000] {taskinstance.py:2582} INFO - 1 downstream tasks scheduled from follow-on schedule check
