[2023-08-16T20:04:52.955+0000] {taskinstance.py:1087} INFO - Dependencies all met for <TaskInstance: random_user_v1.extract_relevant_credentials scheduled__2023-08-02T00:00:00+00:00 [queued]>
[2023-08-16T20:04:52.963+0000] {taskinstance.py:1087} INFO - Dependencies all met for <TaskInstance: random_user_v1.extract_relevant_credentials scheduled__2023-08-02T00:00:00+00:00 [queued]>
[2023-08-16T20:04:52.964+0000] {taskinstance.py:1283} INFO - 
--------------------------------------------------------------------------------
[2023-08-16T20:04:52.966+0000] {taskinstance.py:1284} INFO - Starting attempt 4 of 6
[2023-08-16T20:04:52.966+0000] {taskinstance.py:1285} INFO - 
--------------------------------------------------------------------------------
[2023-08-16T20:04:52.976+0000] {taskinstance.py:1304} INFO - Executing <Task(PythonOperator): extract_relevant_credentials> on 2023-08-02 00:00:00+00:00
[2023-08-16T20:04:52.983+0000] {standard_task_runner.py:55} INFO - Started process 2409 to run task
[2023-08-16T20:04:52.988+0000] {standard_task_runner.py:82} INFO - Running: ['***', 'tasks', 'run', 'random_user_v1', 'extract_relevant_credentials', 'scheduled__2023-08-02T00:00:00+00:00', '--job-id', '45', '--raw', '--subdir', 'DAGS_FOLDER/random_user_etl.py', '--cfg-path', '/tmp/tmp8sh0z6ry']
[2023-08-16T20:04:52.990+0000] {standard_task_runner.py:83} INFO - Job 45: Subtask extract_relevant_credentials
[2023-08-16T20:04:53.050+0000] {task_command.py:389} INFO - Running <TaskInstance: random_user_v1.extract_relevant_credentials scheduled__2023-08-02T00:00:00+00:00 [running]> on host c0eab1525b89
[2023-08-16T20:04:53.148+0000] {taskinstance.py:1513} INFO - Exporting the following env vars:
AIRFLOW_CTX_DAG_OWNER=mujjeeb
AIRFLOW_CTX_DAG_ID=random_user_v1
AIRFLOW_CTX_TASK_ID=extract_relevant_credentials
AIRFLOW_CTX_EXECUTION_DATE=2023-08-02T00:00:00+00:00
AIRFLOW_CTX_TRY_NUMBER=4
AIRFLOW_CTX_DAG_RUN_ID=scheduled__2023-08-02T00:00:00+00:00
[2023-08-16T20:04:53.152+0000] {python.py:177} INFO - Done. Returned value was: (['Esperanza', 'Dan', 'نيما', 'Stefania', 'Shayan', 'Tracy', 'Lilja', 'Julián', 'Sarah', 'Ursula'], ['Ortiz', 'Williamson', 'کریمی', 'Vincent', 'Shah', 'Graham', 'Løtveit', 'Román', 'Boyd', 'Roche'], ['female', 'male', 'male', 'female', 'male', 'male', 'female', 'male', 'female', 'female'], ['esperanza.ortiz@example.com', 'dan.williamson@example.com', 'nym.khrymy@example.com', 'stefania.vincent@example.com', 'shayan.shah@example.com', 'tracy.graham@example.com', 'lilja.lotveit@example.com', 'julian.roman@example.com', 'sarah.boyd@example.com', 'ursula.roche@example.com'], [datetime.date(1954, 1, 21), datetime.date(1974, 6, 17), datetime.date(1949, 11, 14), datetime.date(1954, 11, 25), datetime.date(1969, 8, 9), datetime.date(1979, 12, 23), datetime.date(1980, 2, 20), datetime.date(1960, 10, 27), datetime.date(1956, 12, 23), datetime.date(1951, 4, 25)], ['Spain', 'United Kingdom', 'Iran', 'Switzerland', 'Norway', 'Ireland', 'Norway', 'Spain', 'Australia', 'Switzerland'], ['House 190, Avenida de Burgos', 'House 614, South Street', 'House 1601, میدان صادقیه', 'House 4579, Rue Abel-Hovelacque', 'House 581, Christian Schous vei', 'House 3043, Grove Road', 'House 1861, Gyldenløves gate', 'House 437, Paseo de Extremadura', 'House 6840, Hickory Creek Dr', "House 3125, Place des 44 Enfants D'Izieu"], ['Hospitalet de Llobregat', 'Stevenage', 'خوی', 'Kerzers', 'Kilsund', 'Castlebar', 'Jaren', 'Orihuela', 'Gladstone', 'Rohrbachgraben'], ['Canarias', 'Clwyd', 'خراسان رضوی', 'Basel-Stadt', 'Description', 'Galway City', 'Vest-Agder', 'Andalucía', 'South Australia', 'Ticino'], [13204, 'EF50 3NQ', 16503, 5668, '2660', 81019, '1650', 63414, 1429, 5275], ['966-741-443', '015394 17736', '021-14800853', '079 491 91 20', '76286241', '011-598-6090', '62477032', '914-947-409', '00-7945-1864', '079 076 50 99'], ['608-509-211', '07246 171527', '0903-191-5808', '075 545 30 01', '99702968', '081-096-5170', '42121361', '667-959-026', '0404-185-514', '076 403 31 75'])
[2023-08-16T20:04:53.163+0000] {taskinstance.py:1772} ERROR - Task failed with exception
Traceback (most recent call last):
  File "/home/airflow/.local/lib/python3.7/site-packages/airflow/utils/session.py", line 72, in wrapper
    return func(*args, **kwargs)
  File "/home/airflow/.local/lib/python3.7/site-packages/airflow/models/taskinstance.py", line 2301, in xcom_push
    session=session,
  File "/home/airflow/.local/lib/python3.7/site-packages/airflow/utils/session.py", line 72, in wrapper
    return func(*args, **kwargs)
  File "/home/airflow/.local/lib/python3.7/site-packages/airflow/models/xcom.py", line 240, in set
    map_index=map_index,
  File "/home/airflow/.local/lib/python3.7/site-packages/airflow/models/xcom.py", line 627, in serialize_value
    return json.dumps(value, cls=XComEncoder).encode("UTF-8")
  File "/usr/local/lib/python3.7/json/__init__.py", line 238, in dumps
    **kw).encode(obj)
  File "/home/airflow/.local/lib/python3.7/site-packages/airflow/utils/json.py", line 176, in encode
    return super().encode(o)
  File "/usr/local/lib/python3.7/json/encoder.py", line 199, in encode
    chunks = self.iterencode(o, _one_shot=True)
  File "/usr/local/lib/python3.7/json/encoder.py", line 257, in iterencode
    return _iterencode(o, 0)
  File "/home/airflow/.local/lib/python3.7/site-packages/airflow/utils/json.py", line 153, in default
    CLASSNAME: o.__module__ + "." + o.__class__.__qualname__,
AttributeError: 'datetime.date' object has no attribute '__module__'
[2023-08-16T20:04:53.175+0000] {taskinstance.py:1327} INFO - Marking task as UP_FOR_RETRY. dag_id=random_user_v1, task_id=extract_relevant_credentials, execution_date=20230802T000000, start_date=20230816T200452, end_date=20230816T200453
[2023-08-16T20:04:53.185+0000] {standard_task_runner.py:105} ERROR - Failed to execute job 45 for task extract_relevant_credentials ('datetime.date' object has no attribute '__module__'; 2409)
[2023-08-16T20:04:53.240+0000] {local_task_job.py:159} INFO - Task exited with return code 1
[2023-08-16T20:04:53.267+0000] {taskinstance.py:2582} INFO - 0 downstream tasks scheduled from follow-on schedule check
