[2023-08-16T19:57:39.113+0000] {taskinstance.py:1087} INFO - Dependencies all met for <TaskInstance: random_user_v1.extract_relevant_credentials scheduled__2023-08-06T00:00:00+00:00 [queued]>
[2023-08-16T19:57:39.127+0000] {taskinstance.py:1087} INFO - Dependencies all met for <TaskInstance: random_user_v1.extract_relevant_credentials scheduled__2023-08-06T00:00:00+00:00 [queued]>
[2023-08-16T19:57:39.128+0000] {taskinstance.py:1283} INFO - 
--------------------------------------------------------------------------------
[2023-08-16T19:57:39.129+0000] {taskinstance.py:1284} INFO - Starting attempt 1 of 6
[2023-08-16T19:57:39.131+0000] {taskinstance.py:1285} INFO - 
--------------------------------------------------------------------------------
[2023-08-16T19:57:39.140+0000] {taskinstance.py:1304} INFO - Executing <Task(PythonOperator): extract_relevant_credentials> on 2023-08-06 00:00:00+00:00
[2023-08-16T19:57:39.146+0000] {standard_task_runner.py:55} INFO - Started process 1860 to run task
[2023-08-16T19:57:39.151+0000] {standard_task_runner.py:82} INFO - Running: ['***', 'tasks', 'run', 'random_user_v1', 'extract_relevant_credentials', 'scheduled__2023-08-06T00:00:00+00:00', '--job-id', '24', '--raw', '--subdir', 'DAGS_FOLDER/random_user_etl.py', '--cfg-path', '/tmp/tmpmf5qaruo']
[2023-08-16T19:57:39.153+0000] {standard_task_runner.py:83} INFO - Job 24: Subtask extract_relevant_credentials
[2023-08-16T19:57:39.215+0000] {task_command.py:389} INFO - Running <TaskInstance: random_user_v1.extract_relevant_credentials scheduled__2023-08-06T00:00:00+00:00 [running]> on host c0eab1525b89
[2023-08-16T19:57:39.312+0000] {taskinstance.py:1513} INFO - Exporting the following env vars:
AIRFLOW_CTX_DAG_OWNER=mujjeeb
AIRFLOW_CTX_DAG_ID=random_user_v1
AIRFLOW_CTX_TASK_ID=extract_relevant_credentials
AIRFLOW_CTX_EXECUTION_DATE=2023-08-06T00:00:00+00:00
AIRFLOW_CTX_TRY_NUMBER=1
AIRFLOW_CTX_DAG_RUN_ID=scheduled__2023-08-06T00:00:00+00:00
[2023-08-16T19:57:39.315+0000] {python.py:177} INFO - Done. Returned value was: (['Isaac', 'Pat', 'Ewen', 'Nella', 'Pilar', 'Birthe', 'Lourdes', 'Hudson', 'Elizabeth', 'Ramiro'], ['Torres', 'Dunne', 'Lefebvre', 'Huhtala', 'Ramos', 'Steinmüller', 'Ordóñez', 'Moore', 'Patterson', 'da Costa'], ['male', 'male', 'male', 'female', 'female', 'female', 'female', 'male', 'female', 'male'], ['isaac.torres@example.com', 'pat.dunne@example.com', 'ewen.lefebvre@example.com', 'nella.huhtala@example.com', 'pilar.ramos@example.com', 'birthe.steinmuller@example.com', 'lourdes.ordonez@example.com', 'hudson.moore@example.com', 'elizabeth.patterson@example.com', 'ramiro.dacosta@example.com'], [datetime.date(1974, 7, 10), datetime.date(1967, 1, 23), datetime.date(1972, 1, 31), datetime.date(1944, 9, 17), datetime.date(1958, 10, 17), datetime.date(1962, 3, 21), datetime.date(1976, 1, 23), datetime.date(1972, 6, 19), datetime.date(1959, 5, 26), datetime.date(1948, 1, 12)], ['Spain', 'Ireland', 'France', 'Finland', 'Spain', 'Germany', 'Mexico', 'New Zealand', 'Australia', 'Brazil'], ['House 2609, Avenida de Castilla', 'House 9658, North Street', 'House 1719, Rue du Dauphiné', 'House 2896, Tahmelantie', 'House 6842, Calle de La Almudena', 'House 8965, Industriestraße', 'House 6240, Circuito Mercado', 'House 6744, Prebensen Drive', 'House 8265, Oak Lawn Ave', 'House 1458, Rua Doze '], ['Las Palmas de Gran Canaria', 'Kells', 'Toulouse', 'Paltamo', 'San Sebastián de Los Reyes', 'Grebenstein', 'Lomas del Real', 'Rotorua', 'Brisbane', 'Belo Horizonte'], ['Islas Baleares', 'Cork', 'Allier', 'Päijät-Häme', 'Castilla la Mancha', 'Nordrhein-Westfalen', 'Baja California', 'Nelson', 'South Australia', 'Amapá'], [44479, 66451, 24929, 18016, 63458, 52855, 97535, 24365, 1971, 80933], ['990-314-828', '011-210-8561', '01-00-16-03-42', '03-302-246', '928-996-790', '0180-8513003', '(647) 688 4613', '(340)-362-5094', '02-8220-5433', '(60) 7075-9653'], ['624-485-440', '081-099-0968', '06-57-81-71-24', '043-913-64-66', '601-693-989', '0178-8938481', '(636) 480 1088', '(805)-836-6911', '0478-267-598', '(69) 5706-0017'])
[2023-08-16T19:57:39.325+0000] {taskinstance.py:1772} ERROR - Task failed with exception
Traceback (most recent call last):
  File "/home/airflow/.local/lib/python3.7/site-packages/airflow/utils/session.py", line 72, in wrapper
    return func(*args, **kwargs)
  File "/home/airflow/.local/lib/python3.7/site-packages/airflow/models/taskinstance.py", line 2301, in xcom_push
    session=session,
  File "/home/airflow/.local/lib/python3.7/site-packages/airflow/utils/session.py", line 72, in wrapper
    return func(*args, **kwargs)
  File "/home/airflow/.local/lib/python3.7/site-packages/airflow/models/xcom.py", line 240, in set
    map_index=map_index,
  File "/home/airflow/.local/lib/python3.7/site-packages/airflow/models/xcom.py", line 627, in serialize_value
    return json.dumps(value, cls=XComEncoder).encode("UTF-8")
  File "/usr/local/lib/python3.7/json/__init__.py", line 238, in dumps
    **kw).encode(obj)
  File "/home/airflow/.local/lib/python3.7/site-packages/airflow/utils/json.py", line 176, in encode
    return super().encode(o)
  File "/usr/local/lib/python3.7/json/encoder.py", line 199, in encode
    chunks = self.iterencode(o, _one_shot=True)
  File "/usr/local/lib/python3.7/json/encoder.py", line 257, in iterencode
    return _iterencode(o, 0)
  File "/home/airflow/.local/lib/python3.7/site-packages/airflow/utils/json.py", line 153, in default
    CLASSNAME: o.__module__ + "." + o.__class__.__qualname__,
AttributeError: 'datetime.date' object has no attribute '__module__'
[2023-08-16T19:57:39.336+0000] {taskinstance.py:1327} INFO - Marking task as UP_FOR_RETRY. dag_id=random_user_v1, task_id=extract_relevant_credentials, execution_date=20230806T000000, start_date=20230816T195739, end_date=20230816T195739
[2023-08-16T19:57:39.344+0000] {standard_task_runner.py:105} ERROR - Failed to execute job 24 for task extract_relevant_credentials ('datetime.date' object has no attribute '__module__'; 1860)
[2023-08-16T19:57:39.364+0000] {local_task_job.py:159} INFO - Task exited with return code 1
[2023-08-16T19:57:39.439+0000] {taskinstance.py:2582} INFO - 0 downstream tasks scheduled from follow-on schedule check
