[2023-08-16T19:57:10.309+0000] {taskinstance.py:1087} INFO - Dependencies all met for <TaskInstance: random_user_v1.get_data_from_api scheduled__2023-08-03T00:00:00+00:00 [queued]>
[2023-08-16T19:57:10.323+0000] {taskinstance.py:1087} INFO - Dependencies all met for <TaskInstance: random_user_v1.get_data_from_api scheduled__2023-08-03T00:00:00+00:00 [queued]>
[2023-08-16T19:57:10.324+0000] {taskinstance.py:1283} INFO - 
--------------------------------------------------------------------------------
[2023-08-16T19:57:10.325+0000] {taskinstance.py:1284} INFO - Starting attempt 1 of 6
[2023-08-16T19:57:10.327+0000] {taskinstance.py:1285} INFO - 
--------------------------------------------------------------------------------
[2023-08-16T19:57:10.338+0000] {taskinstance.py:1304} INFO - Executing <Task(PythonOperator): get_data_from_api> on 2023-08-03 00:00:00+00:00
[2023-08-16T19:57:10.346+0000] {standard_task_runner.py:55} INFO - Started process 1794 to run task
[2023-08-16T19:57:10.351+0000] {standard_task_runner.py:82} INFO - Running: ['***', 'tasks', 'run', 'random_user_v1', 'get_data_from_api', 'scheduled__2023-08-03T00:00:00+00:00', '--job-id', '4', '--raw', '--subdir', 'DAGS_FOLDER/random_user_etl.py', '--cfg-path', '/tmp/tmp9lhhls2x']
[2023-08-16T19:57:10.353+0000] {standard_task_runner.py:83} INFO - Job 4: Subtask get_data_from_api
[2023-08-16T19:57:10.420+0000] {task_command.py:389} INFO - Running <TaskInstance: random_user_v1.get_data_from_api scheduled__2023-08-03T00:00:00+00:00 [running]> on host c0eab1525b89
[2023-08-16T19:57:10.491+0000] {taskinstance.py:1513} INFO - Exporting the following env vars:
AIRFLOW_CTX_DAG_OWNER=mujjeeb
AIRFLOW_CTX_DAG_ID=random_user_v1
AIRFLOW_CTX_TASK_ID=get_data_from_api
AIRFLOW_CTX_EXECUTION_DATE=2023-08-03T00:00:00+00:00
AIRFLOW_CTX_TRY_NUMBER=1
AIRFLOW_CTX_DAG_RUN_ID=scheduled__2023-08-03T00:00:00+00:00
[2023-08-16T19:57:11.635+0000] {python.py:177} INFO - Done. Returned value was: {'results': [{'gender': 'female', 'name': {'title': 'Miss', 'first': 'Abigail', 'last': 'Kuhn'}, 'location': {'street': {'number': 9418, 'name': 'New Street'}, 'city': 'Wakefield', 'state': 'Derbyshire', 'country': 'United Kingdom', 'postcode': 'TU38 7QT', 'coordinates': {'latitude': '-9.8371', 'longitude': '125.9949'}, 'timezone': {'offset': '0:00', 'description': 'Western Europe Time, London, Lisbon, Casablanca'}}, 'email': 'abigail.kuhn@example.com', 'login': {'uuid': '0837f8e4-a26a-4432-8097-366067e3ac6c', 'username': 'heavyelephant464', 'password': '***', 'salt': 'jyPpoibc', 'md5': '1d2669cdf7ce9c08f68cee2645a83abe', 'sha1': 'a105811b4ab28cedcea70ed7d617ba1d9e064d32', 'sha256': 'aebf87b63e24a23e3073122b874dcf54baac0a57fc46a99c7eb44b93591393b5'}, 'dob': {'date': '1965-12-10T22:49:06.258Z', 'age': 57}, 'registered': {'date': '2002-12-14T14:02:07.423Z', 'age': 20}, 'phone': '015395 74977', 'cell': '07354 525829', 'id': {'name': 'NINO', 'value': 'KY 62 41 28 P'}, 'picture': {'large': 'https://randomuser.me/api/portraits/women/37.jpg', 'medium': 'https://randomuser.me/api/portraits/med/women/37.jpg', 'thumbnail': 'https://randomuser.me/api/portraits/thumb/women/37.jpg'}, 'nat': 'GB'}], 'info': {'seed': 'f46aaa71a19da1d6', 'results': 1, 'page': 1, 'version': '1.4'}}
[2023-08-16T19:57:11.659+0000] {taskinstance.py:1327} INFO - Marking task as SUCCESS. dag_id=random_user_v1, task_id=get_data_from_api, execution_date=20230803T000000, start_date=20230816T195710, end_date=20230816T195711
[2023-08-16T19:57:11.707+0000] {local_task_job.py:159} INFO - Task exited with return code 0
[2023-08-16T19:57:11.749+0000] {taskinstance.py:2582} INFO - 1 downstream tasks scheduled from follow-on schedule check
