[2023-08-16T09:14:04.641+0000] {taskinstance.py:1087} INFO - Dependencies all met for <TaskInstance: rapid_api_v1.load_db manual__2023-08-16T09:13:40.463183+00:00 [queued]>
[2023-08-16T09:14:04.648+0000] {taskinstance.py:1087} INFO - Dependencies all met for <TaskInstance: rapid_api_v1.load_db manual__2023-08-16T09:13:40.463183+00:00 [queued]>
[2023-08-16T09:14:04.649+0000] {taskinstance.py:1283} INFO - 
--------------------------------------------------------------------------------
[2023-08-16T09:14:04.651+0000] {taskinstance.py:1284} INFO - Starting attempt 1 of 1
[2023-08-16T09:14:04.651+0000] {taskinstance.py:1285} INFO - 
--------------------------------------------------------------------------------
[2023-08-16T09:14:04.660+0000] {taskinstance.py:1304} INFO - Executing <Task(PythonOperator): load_db> on 2023-08-16 09:13:40.463183+00:00
[2023-08-16T09:14:04.665+0000] {standard_task_runner.py:55} INFO - Started process 866 to run task
[2023-08-16T09:14:04.669+0000] {standard_task_runner.py:82} INFO - Running: ['***', 'tasks', 'run', 'rapid_api_v1', 'load_db', 'manual__2023-08-16T09:13:40.463183+00:00', '--job-id', '53', '--raw', '--subdir', 'DAGS_FOLDER/jobs_etl.py', '--cfg-path', '/tmp/tmpv_865_v5']
[2023-08-16T09:14:04.671+0000] {standard_task_runner.py:83} INFO - Job 53: Subtask load_db
[2023-08-16T09:14:04.727+0000] {task_command.py:389} INFO - Running <TaskInstance: rapid_api_v1.load_db manual__2023-08-16T09:13:40.463183+00:00 [running]> on host 17c4b1dd2309
[2023-08-16T09:14:04.800+0000] {taskinstance.py:1513} INFO - Exporting the following env vars:
AIRFLOW_CTX_DAG_OWNER=***
AIRFLOW_CTX_DAG_ID=rapid_api_v1
AIRFLOW_CTX_TASK_ID=load_db
AIRFLOW_CTX_EXECUTION_DATE=2023-08-16T09:13:40.463183+00:00
AIRFLOW_CTX_TRY_NUMBER=1
AIRFLOW_CTX_DAG_RUN_ID=manual__2023-08-16T09:13:40.463183+00:00
[2023-08-16T09:14:04.859+0000] {python.py:177} INFO - Done. Returned value was: None
[2023-08-16T09:14:04.869+0000] {taskinstance.py:1327} INFO - Marking task as SUCCESS. dag_id=rapid_api_v1, task_id=load_db, execution_date=20230816T091340, start_date=20230816T091404, end_date=20230816T091404
[2023-08-16T09:14:04.922+0000] {local_task_job.py:159} INFO - Task exited with return code 0
[2023-08-16T09:14:04.939+0000] {taskinstance.py:2582} INFO - 0 downstream tasks scheduled from follow-on schedule check
