[2023-08-16T19:57:18.496+0000] {taskinstance.py:1087} INFO - Dependencies all met for <TaskInstance: random_user_v1.get_data_from_api scheduled__2023-08-11T00:00:00+00:00 [queued]>
[2023-08-16T19:57:18.506+0000] {taskinstance.py:1087} INFO - Dependencies all met for <TaskInstance: random_user_v1.get_data_from_api scheduled__2023-08-11T00:00:00+00:00 [queued]>
[2023-08-16T19:57:18.507+0000] {taskinstance.py:1283} INFO - 
--------------------------------------------------------------------------------
[2023-08-16T19:57:18.508+0000] {taskinstance.py:1284} INFO - Starting attempt 1 of 6
[2023-08-16T19:57:18.509+0000] {taskinstance.py:1285} INFO - 
--------------------------------------------------------------------------------
[2023-08-16T19:57:18.521+0000] {taskinstance.py:1304} INFO - Executing <Task(PythonOperator): get_data_from_api> on 2023-08-11 00:00:00+00:00
[2023-08-16T19:57:18.529+0000] {standard_task_runner.py:55} INFO - Started process 1814 to run task
[2023-08-16T19:57:18.535+0000] {standard_task_runner.py:82} INFO - Running: ['***', 'tasks', 'run', 'random_user_v1', 'get_data_from_api', 'scheduled__2023-08-11T00:00:00+00:00', '--job-id', '10', '--raw', '--subdir', 'DAGS_FOLDER/random_user_etl.py', '--cfg-path', '/tmp/tmpr3mv8kkf']
[2023-08-16T19:57:18.537+0000] {standard_task_runner.py:83} INFO - Job 10: Subtask get_data_from_api
[2023-08-16T19:57:18.610+0000] {task_command.py:389} INFO - Running <TaskInstance: random_user_v1.get_data_from_api scheduled__2023-08-11T00:00:00+00:00 [running]> on host c0eab1525b89
[2023-08-16T19:57:18.672+0000] {taskinstance.py:1513} INFO - Exporting the following env vars:
AIRFLOW_CTX_DAG_OWNER=mujjeeb
AIRFLOW_CTX_DAG_ID=random_user_v1
AIRFLOW_CTX_TASK_ID=get_data_from_api
AIRFLOW_CTX_EXECUTION_DATE=2023-08-11T00:00:00+00:00
AIRFLOW_CTX_TRY_NUMBER=1
AIRFLOW_CTX_DAG_RUN_ID=scheduled__2023-08-11T00:00:00+00:00
[2023-08-16T19:57:20.191+0000] {python.py:177} INFO - Done. Returned value was: {'results': [{'gender': 'female', 'name': {'title': 'Miss', 'first': 'Mandy', 'last': 'Gordon'}, 'location': {'street': {'number': 6179, 'name': 'The Crescent'}, 'city': 'Ashbourne', 'state': 'Westmeath', 'country': 'Ireland', 'postcode': 48013, 'coordinates': {'latitude': '0.6390', 'longitude': '172.6744'}, 'timezone': {'offset': '-12:00', 'description': 'Eniwetok, Kwajalein'}}, 'email': 'mandy.gordon@example.com', 'login': {'uuid': 'a5109d0e-6271-44b9-9f62-47a1650ebe9f', 'username': 'blueelephant494', 'password': '***', 'salt': 'kCdtSJZ8', 'md5': '28d23cd91ffb0b9e799c3f25a1ac0ee7', 'sha1': 'e0dc13142f7f8e03e8341f7b0d87b4bc5b7957ab', 'sha256': 'afa014ac3521e5a34cf4af779483ff0081137480c93a04967b77086efff393be'}, 'dob': {'date': '1981-11-14T18:29:47.558Z', 'age': 41}, 'registered': {'date': '2004-04-12T11:18:22.256Z', 'age': 19}, 'phone': '031-086-8694', 'cell': '081-393-4750', 'id': {'name': 'PPS', 'value': '4404632T'}, 'picture': {'large': 'https://randomuser.me/api/portraits/women/42.jpg', 'medium': 'https://randomuser.me/api/portraits/med/women/42.jpg', 'thumbnail': 'https://randomuser.me/api/portraits/thumb/women/42.jpg'}, 'nat': 'IE'}], 'info': {'seed': 'cedc976bd399911d', 'results': 1, 'page': 1, 'version': '1.4'}}
[2023-08-16T19:57:20.227+0000] {taskinstance.py:1327} INFO - Marking task as SUCCESS. dag_id=random_user_v1, task_id=get_data_from_api, execution_date=20230811T000000, start_date=20230816T195718, end_date=20230816T195720
[2023-08-16T19:57:20.303+0000] {local_task_job.py:159} INFO - Task exited with return code 0
[2023-08-16T19:57:20.458+0000] {taskinstance.py:2582} INFO - 0 downstream tasks scheduled from follow-on schedule check
