[2023-08-16T19:57:13.626+0000] {taskinstance.py:1087} INFO - Dependencies all met for <TaskInstance: random_user_v1.get_data_from_api scheduled__2023-08-15T00:00:00+00:00 [queued]>
[2023-08-16T19:57:13.634+0000] {taskinstance.py:1087} INFO - Dependencies all met for <TaskInstance: random_user_v1.get_data_from_api scheduled__2023-08-15T00:00:00+00:00 [queued]>
[2023-08-16T19:57:13.635+0000] {taskinstance.py:1283} INFO - 
--------------------------------------------------------------------------------
[2023-08-16T19:57:13.636+0000] {taskinstance.py:1284} INFO - Starting attempt 1 of 6
[2023-08-16T19:57:13.637+0000] {taskinstance.py:1285} INFO - 
--------------------------------------------------------------------------------
[2023-08-16T19:57:13.652+0000] {taskinstance.py:1304} INFO - Executing <Task(PythonOperator): get_data_from_api> on 2023-08-15 00:00:00+00:00
[2023-08-16T19:57:13.660+0000] {standard_task_runner.py:55} INFO - Started process 1804 to run task
[2023-08-16T19:57:13.666+0000] {standard_task_runner.py:82} INFO - Running: ['***', 'tasks', 'run', 'random_user_v1', 'get_data_from_api', 'scheduled__2023-08-15T00:00:00+00:00', '--job-id', '8', '--raw', '--subdir', 'DAGS_FOLDER/random_user_etl.py', '--cfg-path', '/tmp/tmp_t0r_h8g']
[2023-08-16T19:57:13.667+0000] {standard_task_runner.py:83} INFO - Job 8: Subtask get_data_from_api
[2023-08-16T19:57:13.734+0000] {task_command.py:389} INFO - Running <TaskInstance: random_user_v1.get_data_from_api scheduled__2023-08-15T00:00:00+00:00 [running]> on host c0eab1525b89
[2023-08-16T19:57:13.787+0000] {taskinstance.py:1513} INFO - Exporting the following env vars:
AIRFLOW_CTX_DAG_OWNER=mujjeeb
AIRFLOW_CTX_DAG_ID=random_user_v1
AIRFLOW_CTX_TASK_ID=get_data_from_api
AIRFLOW_CTX_EXECUTION_DATE=2023-08-15T00:00:00+00:00
AIRFLOW_CTX_TRY_NUMBER=1
AIRFLOW_CTX_DAG_RUN_ID=scheduled__2023-08-15T00:00:00+00:00
[2023-08-16T19:57:15.356+0000] {python.py:177} INFO - Done. Returned value was: {'results': [{'gender': 'male', 'name': {'title': 'Mr', 'first': 'Valtteri', 'last': 'Jarvinen'}, 'location': {'street': {'number': 159, 'name': 'Siilitie'}, 'city': 'Lappajärvi', 'state': 'Central Finland', 'country': 'Finland', 'postcode': 36369, 'coordinates': {'latitude': '-23.2552', 'longitude': '-47.8613'}, 'timezone': {'offset': '-7:00', 'description': 'Mountain Time (US & Canada)'}}, 'email': 'valtteri.jarvinen@example.com', 'login': {'uuid': 'e330c604-d015-423b-a624-f3ebc6d14df8', 'username': 'blackelephant969', 'password': '***', 'salt': 'ZcgvjoRl', 'md5': '856ddc6a93b97256b8322ea2bc902efc', 'sha1': '08879e9e21e82a0cb2728ef26d59976edb129cd9', 'sha256': 'd9e5d5337239e5a914422ba714e6a509a4910ea7054e7afaa5383363a8bc8c4d'}, 'dob': {'date': '1956-12-30T03:16:18.213Z', 'age': 66}, 'registered': {'date': '2020-05-06T23:42:11.192Z', 'age': 3}, 'phone': '08-380-289', 'cell': '045-882-43-40', 'id': {'name': 'HETU', 'value': 'NaNNA143undefined'}, 'picture': {'large': 'https://randomuser.me/api/portraits/men/74.jpg', 'medium': 'https://randomuser.me/api/portraits/med/men/74.jpg', 'thumbnail': 'https://randomuser.me/api/portraits/thumb/men/74.jpg'}, 'nat': 'FI'}], 'info': {'seed': '5bb705b1598bd634', 'results': 1, 'page': 1, 'version': '1.4'}}
[2023-08-16T19:57:15.389+0000] {taskinstance.py:1327} INFO - Marking task as SUCCESS. dag_id=random_user_v1, task_id=get_data_from_api, execution_date=20230815T000000, start_date=20230816T195713, end_date=20230816T195715
[2023-08-16T19:57:15.461+0000] {local_task_job.py:159} INFO - Task exited with return code 0
[2023-08-16T19:57:15.488+0000] {taskinstance.py:2582} INFO - 1 downstream tasks scheduled from follow-on schedule check
