[2023-08-16T20:04:28.041+0000] {taskinstance.py:1087} INFO - Dependencies all met for <TaskInstance: random_user_v1.extract_relevant_credentials scheduled__2023-08-07T00:00:00+00:00 [queued]>
[2023-08-16T20:04:28.050+0000] {taskinstance.py:1087} INFO - Dependencies all met for <TaskInstance: random_user_v1.extract_relevant_credentials scheduled__2023-08-07T00:00:00+00:00 [queued]>
[2023-08-16T20:04:28.052+0000] {taskinstance.py:1283} INFO - 
--------------------------------------------------------------------------------
[2023-08-16T20:04:28.053+0000] {taskinstance.py:1284} INFO - Starting attempt 4 of 6
[2023-08-16T20:04:28.054+0000] {taskinstance.py:1285} INFO - 
--------------------------------------------------------------------------------
[2023-08-16T20:04:28.064+0000] {taskinstance.py:1304} INFO - Executing <Task(PythonOperator): extract_relevant_credentials> on 2023-08-07 00:00:00+00:00
[2023-08-16T20:04:28.073+0000] {standard_task_runner.py:55} INFO - Started process 2381 to run task
[2023-08-16T20:04:28.080+0000] {standard_task_runner.py:82} INFO - Running: ['***', 'tasks', 'run', 'random_user_v1', 'extract_relevant_credentials', 'scheduled__2023-08-07T00:00:00+00:00', '--job-id', '43', '--raw', '--subdir', 'DAGS_FOLDER/random_user_etl.py', '--cfg-path', '/tmp/tmpku3vwxr9']
[2023-08-16T20:04:28.081+0000] {standard_task_runner.py:83} INFO - Job 43: Subtask extract_relevant_credentials
[2023-08-16T20:04:28.171+0000] {task_command.py:389} INFO - Running <TaskInstance: random_user_v1.extract_relevant_credentials scheduled__2023-08-07T00:00:00+00:00 [running]> on host c0eab1525b89
[2023-08-16T20:04:28.281+0000] {taskinstance.py:1513} INFO - Exporting the following env vars:
AIRFLOW_CTX_DAG_OWNER=mujjeeb
AIRFLOW_CTX_DAG_ID=random_user_v1
AIRFLOW_CTX_TASK_ID=extract_relevant_credentials
AIRFLOW_CTX_EXECUTION_DATE=2023-08-07T00:00:00+00:00
AIRFLOW_CTX_TRY_NUMBER=4
AIRFLOW_CTX_DAG_RUN_ID=scheduled__2023-08-07T00:00:00+00:00
[2023-08-16T20:04:28.283+0000] {python.py:177} INFO - Done. Returned value was: (['Timur', 'Dominic', 'Felix', 'Angelo', 'Pinja', 'Alberte', 'Adrián', 'Vilma', 'Lewis', 'Gaëtan'], ['Aelmans', 'Mehlhorn', 'Paus', 'Van Teeffelen', 'Koistinen', 'Hansen', 'García', 'Laakso', 'Ray', 'Martin'], ['male', 'male', 'male', 'male', 'female', 'female', 'male', 'female', 'male', 'male'], ['timur.aelmans@example.com', 'dominic.mehlhorn@example.com', 'felix.paus@example.com', 'angelo.vanteeffelen@example.com', 'pinja.koistinen@example.com', 'alberte.hansen@example.com', 'adrian.garcia@example.com', 'vilma.laakso@example.com', 'lewis.ray@example.com', 'gaetan.martin@example.com'], [datetime.date(1982, 8, 2), datetime.date(1961, 8, 14), datetime.date(1961, 10, 2), datetime.date(1984, 11, 22), datetime.date(1946, 4, 24), datetime.date(1980, 10, 8), datetime.date(1984, 9, 14), datetime.date(1976, 6, 3), datetime.date(1994, 8, 29), datetime.date(1984, 9, 9)], ['Netherlands', 'Germany', 'Norway', 'Netherlands', 'Finland', 'Denmark', 'Spain', 'Finland', 'Australia', 'Switzerland'], ['House 8674, Bispinckpark', 'House 7212, Heideweg', 'House 9873, Skarskroken', 'House 1162, Burgemeester Lambooylaan', 'House 8671, Hatanpään Valtatie', 'House 9894, Tyttebærvej', 'House 8658, Calle de Ángel García', 'House 4221, Hatanpään Valtatie', 'House 8997, W 6th St', 'House 6222, Rue du Cardinal-Gerlier'], ['Twenterand', 'Hainichen', 'Sparbu', 'Wierum', 'Lahti', 'Hurup Thy', 'Santiago de Compostela', 'Pyhäjärvi', 'Cairns', 'Humlikon'], ['Zuid-Holland', 'Sachsen-Anhalt', 'Description', 'Overijssel', 'Northern Savonia', 'Midtjylland', 'Ceuta', 'Northern Savonia', 'Australian Capital Territory', 'Genève'], ['3098 MI', 67329, '5315', '8368 XD', 64122, 60026, 77837, 44920, 8067, 6741], ['(0096) 663585', '0611-5822657', '61247753', '(040) 3246979', '05-776-911', '78851303', '982-388-538', '08-925-610', '07-0507-3324', '078 998 75 84'], ['(06) 49288253', '0175-8950200', '95111743', '(06) 72411242', '048-877-49-11', '54401871', '672-475-302', '041-735-01-62', '0452-468-994', '079 408 15 70'])
[2023-08-16T20:04:28.296+0000] {taskinstance.py:1772} ERROR - Task failed with exception
Traceback (most recent call last):
  File "/home/airflow/.local/lib/python3.7/site-packages/airflow/utils/session.py", line 72, in wrapper
    return func(*args, **kwargs)
  File "/home/airflow/.local/lib/python3.7/site-packages/airflow/models/taskinstance.py", line 2301, in xcom_push
    session=session,
  File "/home/airflow/.local/lib/python3.7/site-packages/airflow/utils/session.py", line 72, in wrapper
    return func(*args, **kwargs)
  File "/home/airflow/.local/lib/python3.7/site-packages/airflow/models/xcom.py", line 240, in set
    map_index=map_index,
  File "/home/airflow/.local/lib/python3.7/site-packages/airflow/models/xcom.py", line 627, in serialize_value
    return json.dumps(value, cls=XComEncoder).encode("UTF-8")
  File "/usr/local/lib/python3.7/json/__init__.py", line 238, in dumps
    **kw).encode(obj)
  File "/home/airflow/.local/lib/python3.7/site-packages/airflow/utils/json.py", line 176, in encode
    return super().encode(o)
  File "/usr/local/lib/python3.7/json/encoder.py", line 199, in encode
    chunks = self.iterencode(o, _one_shot=True)
  File "/usr/local/lib/python3.7/json/encoder.py", line 257, in iterencode
    return _iterencode(o, 0)
  File "/home/airflow/.local/lib/python3.7/site-packages/airflow/utils/json.py", line 153, in default
    CLASSNAME: o.__module__ + "." + o.__class__.__qualname__,
AttributeError: 'datetime.date' object has no attribute '__module__'
[2023-08-16T20:04:28.308+0000] {taskinstance.py:1327} INFO - Marking task as UP_FOR_RETRY. dag_id=random_user_v1, task_id=extract_relevant_credentials, execution_date=20230807T000000, start_date=20230816T200428, end_date=20230816T200428
[2023-08-16T20:04:28.318+0000] {standard_task_runner.py:105} ERROR - Failed to execute job 43 for task extract_relevant_credentials ('datetime.date' object has no attribute '__module__'; 2381)
[2023-08-16T20:04:28.335+0000] {local_task_job.py:159} INFO - Task exited with return code 1
[2023-08-16T20:04:28.359+0000] {taskinstance.py:2582} INFO - 0 downstream tasks scheduled from follow-on schedule check
