[2023-08-16T19:57:38.254+0000] {taskinstance.py:1087} INFO - Dependencies all met for <TaskInstance: random_user_v1.extract_relevant_credentials scheduled__2023-08-10T00:00:00+00:00 [queued]>
[2023-08-16T19:57:38.266+0000] {taskinstance.py:1087} INFO - Dependencies all met for <TaskInstance: random_user_v1.extract_relevant_credentials scheduled__2023-08-10T00:00:00+00:00 [queued]>
[2023-08-16T19:57:38.267+0000] {taskinstance.py:1283} INFO - 
--------------------------------------------------------------------------------
[2023-08-16T19:57:38.268+0000] {taskinstance.py:1284} INFO - Starting attempt 1 of 6
[2023-08-16T19:57:38.269+0000] {taskinstance.py:1285} INFO - 
--------------------------------------------------------------------------------
[2023-08-16T19:57:38.279+0000] {taskinstance.py:1304} INFO - Executing <Task(PythonOperator): extract_relevant_credentials> on 2023-08-10 00:00:00+00:00
[2023-08-16T19:57:38.286+0000] {standard_task_runner.py:55} INFO - Started process 1859 to run task
[2023-08-16T19:57:38.291+0000] {standard_task_runner.py:82} INFO - Running: ['***', 'tasks', 'run', 'random_user_v1', 'extract_relevant_credentials', 'scheduled__2023-08-10T00:00:00+00:00', '--job-id', '23', '--raw', '--subdir', 'DAGS_FOLDER/random_user_etl.py', '--cfg-path', '/tmp/tmpasj3_mx6']
[2023-08-16T19:57:38.292+0000] {standard_task_runner.py:83} INFO - Job 23: Subtask extract_relevant_credentials
[2023-08-16T19:57:38.371+0000] {task_command.py:389} INFO - Running <TaskInstance: random_user_v1.extract_relevant_credentials scheduled__2023-08-10T00:00:00+00:00 [running]> on host c0eab1525b89
[2023-08-16T19:57:38.477+0000] {taskinstance.py:1513} INFO - Exporting the following env vars:
AIRFLOW_CTX_DAG_OWNER=mujjeeb
AIRFLOW_CTX_DAG_ID=random_user_v1
AIRFLOW_CTX_TASK_ID=extract_relevant_credentials
AIRFLOW_CTX_EXECUTION_DATE=2023-08-10T00:00:00+00:00
AIRFLOW_CTX_TRY_NUMBER=1
AIRFLOW_CTX_DAG_RUN_ID=scheduled__2023-08-10T00:00:00+00:00
[2023-08-16T19:57:38.480+0000] {python.py:177} INFO - Done. Returned value was: (['Yari', 'Elvina', 'Marcus', 'Jeanette', 'Vanda', 'Francisco Javier', 'Nevena', 'Israel', 'Susanne', 'Noah'], ['Oevering', 'Kropivnickiy', 'Carter', 'Horton', 'Cisik', 'Pedroza', 'Jevremović', 'Páez', 'Bakker', 'Larsen'], ['male', 'female', 'male', 'female', 'female', 'male', 'female', 'male', 'female', 'male'], ['yari.oevering@example.com', 'elvina.kropivnickiy@example.com', 'marcus.carter@example.com', 'jeanette.horton@example.com', 'vanda.cisik@example.com', 'franciscojavier.pedroza@example.com', 'nevena.jevremovic@example.com', 'israel.paez@example.com', 'susanne.bakker@example.com', 'noah.larsen@example.com'], [datetime.date(1957, 1, 30), datetime.date(1998, 9, 25), datetime.date(1991, 12, 22), datetime.date(1944, 10, 31), datetime.date(1974, 3, 11), datetime.date(1997, 6, 8), datetime.date(1977, 10, 8), datetime.date(1945, 1, 30), datetime.date(1956, 12, 4), datetime.date(1988, 4, 14)], ['Netherlands', 'Ukraine', 'Ireland', 'United States', 'Ukraine', 'Mexico', 'Serbia', 'Mexico', 'Norway', 'Denmark'], ['House 4779, Hendrik Spijkerstraat', 'House 4396, Provulok Racionalizatoriv', 'House 4440, Grange Road', 'House 1418, Royal Ln', 'House 8910, Ploshcha Svobodi', 'House 9449, Boulevard Morelos', 'House 8105, Dimitrija Sabova ', 'House 8597, Circuito Tamaulipas', 'House 4464, Asalveien', 'House 5416, Lavendelvej'], ['Tibma', 'Orihiv', 'Tramore', 'Modesto', 'Chornomorsk', 'Jojutla', 'Bela Crkva', 'Ciudad Juárez', 'Re', 'Allinge'], ['Flevoland', 'Zakarpatska', 'Meath', 'Maine', 'Hersonska', 'Quintana Roo', 'Kosovska Mitrovica', 'Baja California', 'Telemark', 'Midtjylland'], ['1745 GP', 14537, 22461, 22683, 31119, 82052, 52914, 53753, '2318', 40348], ['(0014) 588832', '(068) W13-1752', '041-765-4037', '(620) 367-5892', '(097) R82-8097', '(621) 648 8002', '035-9997-038', '(630) 648 8265', '51080521', '19432494'], ['(06) 46449164', '(097) W14-1808', '081-244-2839', '(208) 719-5949', '(099) N23-8320', '(634) 351 4415', '063-3287-228', '(697) 511 2219', '94962090', '92501298'])
[2023-08-16T19:57:38.490+0000] {taskinstance.py:1772} ERROR - Task failed with exception
Traceback (most recent call last):
  File "/home/airflow/.local/lib/python3.7/site-packages/airflow/utils/session.py", line 72, in wrapper
    return func(*args, **kwargs)
  File "/home/airflow/.local/lib/python3.7/site-packages/airflow/models/taskinstance.py", line 2301, in xcom_push
    session=session,
  File "/home/airflow/.local/lib/python3.7/site-packages/airflow/utils/session.py", line 72, in wrapper
    return func(*args, **kwargs)
  File "/home/airflow/.local/lib/python3.7/site-packages/airflow/models/xcom.py", line 240, in set
    map_index=map_index,
  File "/home/airflow/.local/lib/python3.7/site-packages/airflow/models/xcom.py", line 627, in serialize_value
    return json.dumps(value, cls=XComEncoder).encode("UTF-8")
  File "/usr/local/lib/python3.7/json/__init__.py", line 238, in dumps
    **kw).encode(obj)
  File "/home/airflow/.local/lib/python3.7/site-packages/airflow/utils/json.py", line 176, in encode
    return super().encode(o)
  File "/usr/local/lib/python3.7/json/encoder.py", line 199, in encode
    chunks = self.iterencode(o, _one_shot=True)
  File "/usr/local/lib/python3.7/json/encoder.py", line 257, in iterencode
    return _iterencode(o, 0)
  File "/home/airflow/.local/lib/python3.7/site-packages/airflow/utils/json.py", line 153, in default
    CLASSNAME: o.__module__ + "." + o.__class__.__qualname__,
AttributeError: 'datetime.date' object has no attribute '__module__'
[2023-08-16T19:57:38.508+0000] {taskinstance.py:1327} INFO - Marking task as UP_FOR_RETRY. dag_id=random_user_v1, task_id=extract_relevant_credentials, execution_date=20230810T000000, start_date=20230816T195738, end_date=20230816T195738
[2023-08-16T19:57:38.519+0000] {standard_task_runner.py:105} ERROR - Failed to execute job 23 for task extract_relevant_credentials ('datetime.date' object has no attribute '__module__'; 1859)
[2023-08-16T19:57:38.542+0000] {local_task_job.py:159} INFO - Task exited with return code 1
[2023-08-16T19:57:38.571+0000] {taskinstance.py:2582} INFO - 0 downstream tasks scheduled from follow-on schedule check
