[2023-08-16T19:57:35.044+0000] {taskinstance.py:1087} INFO - Dependencies all met for <TaskInstance: random_user_v1.extract_relevant_credentials scheduled__2023-08-11T00:00:00+00:00 [queued]>
[2023-08-16T19:57:35.052+0000] {taskinstance.py:1087} INFO - Dependencies all met for <TaskInstance: random_user_v1.extract_relevant_credentials scheduled__2023-08-11T00:00:00+00:00 [queued]>
[2023-08-16T19:57:35.054+0000] {taskinstance.py:1283} INFO - 
--------------------------------------------------------------------------------
[2023-08-16T19:57:35.055+0000] {taskinstance.py:1284} INFO - Starting attempt 1 of 6
[2023-08-16T19:57:35.056+0000] {taskinstance.py:1285} INFO - 
--------------------------------------------------------------------------------
[2023-08-16T19:57:35.065+0000] {taskinstance.py:1304} INFO - Executing <Task(PythonOperator): extract_relevant_credentials> on 2023-08-11 00:00:00+00:00
[2023-08-16T19:57:35.072+0000] {standard_task_runner.py:55} INFO - Started process 1857 to run task
[2023-08-16T19:57:35.077+0000] {standard_task_runner.py:82} INFO - Running: ['***', 'tasks', 'run', 'random_user_v1', 'extract_relevant_credentials', 'scheduled__2023-08-11T00:00:00+00:00', '--job-id', '21', '--raw', '--subdir', 'DAGS_FOLDER/random_user_etl.py', '--cfg-path', '/tmp/tmpu24q2hoe']
[2023-08-16T19:57:35.078+0000] {standard_task_runner.py:83} INFO - Job 21: Subtask extract_relevant_credentials
[2023-08-16T19:57:35.141+0000] {task_command.py:389} INFO - Running <TaskInstance: random_user_v1.extract_relevant_credentials scheduled__2023-08-11T00:00:00+00:00 [running]> on host c0eab1525b89
[2023-08-16T19:57:35.236+0000] {taskinstance.py:1513} INFO - Exporting the following env vars:
AIRFLOW_CTX_DAG_OWNER=mujjeeb
AIRFLOW_CTX_DAG_ID=random_user_v1
AIRFLOW_CTX_TASK_ID=extract_relevant_credentials
AIRFLOW_CTX_EXECUTION_DATE=2023-08-11T00:00:00+00:00
AIRFLOW_CTX_TRY_NUMBER=1
AIRFLOW_CTX_DAG_RUN_ID=scheduled__2023-08-11T00:00:00+00:00
[2023-08-16T19:57:35.240+0000] {python.py:177} INFO - Done. Returned value was: (['یاسمین', 'Anton', 'Juan Manuel', 'Alexis', 'Marie', 'Siemon', 'Anmol', 'Rekha', 'Linnea', 'Bernardo'], ['رضایی', 'Ozarkevich', 'Colunga', 'Johnson', 'Spencer', 'Van Geffen', 'Rao', 'Anand', 'Tanner', 'Prieto'], ['female', 'male', 'male', 'male', 'female', 'male', 'male', 'female', 'female', 'male'], ['ysmyn.rdyy@example.com', 'anton.ozarkevich@example.com', 'juanmanuel.colunga@example.com', 'alexis.johnson@example.com', 'marie.spencer@example.com', 'siemon.vangeffen@example.com', 'anmol.rao@example.com', 'rekha.anand@example.com', 'linnea.tanner@example.com', 'bernardo.prieto@example.com'], [datetime.date(1979, 2, 15), datetime.date(1957, 5, 1), datetime.date(1977, 7, 21), datetime.date(1950, 10, 4), datetime.date(1973, 6, 12), datetime.date(1986, 7, 17), datetime.date(1970, 3, 1), datetime.date(1962, 10, 3), datetime.date(1989, 3, 26), datetime.date(1947, 2, 1)], ['Iran', 'Ukraine', 'Mexico', 'Canada', 'Australia', 'Netherlands', 'India', 'India', 'Finland', 'Mexico'], ['House 9007, هویزه', 'House 1657, Volodimira Brozhka', 'House 4600, Avenida Yucatán', 'House 6500, Disputed Rd', 'House 4962, Northaven Rd', 'House 2571, De Kelis', 'House 2354, Bandstand Promenade', 'House 1336, Colaba Causeway', 'House 2992, Esplanadi', 'House 4568, Pasaje Quesada'], ['سیرجان', 'Monastiriska', 'Atacheo de Regalado', 'Sandy Lake', 'Tweed', 'Tripscompagnie', 'Dhanbad', 'Vasai-Virar', 'Kouvola', 'Villa de Arriaga'], ['کهگیلویه و بویراحمد', 'Avtonomna Respublika Krim', 'Quintana Roo', 'Québec', 'Australian Capital Territory', 'Noord-Holland', 'Maharashtra', 'Chhattisgarh', 'Åland', 'Baja California Sur'], [59062, 87863, 71106, 'M6Q 2U8', 2931, '5227 KL', 17760, 84237, 57393, 80924], ['064-45493254', '(097) P09-9169', '(635) 053 6520', 'Y85 C60-0838', '02-6017-9018', '(0245) 783191', '8244977841', '7261585272', '05-473-215', '(612) 670 3934'], ['0954-375-9855', '(098) O98-4125', '(699) 722 7778', 'W09 T02-2213', '0406-267-603', '(06) 30142100', '8505595309', '8672204370', '045-990-83-76', '(659) 148 8208'])
[2023-08-16T19:57:35.250+0000] {taskinstance.py:1772} ERROR - Task failed with exception
Traceback (most recent call last):
  File "/home/airflow/.local/lib/python3.7/site-packages/airflow/utils/session.py", line 72, in wrapper
    return func(*args, **kwargs)
  File "/home/airflow/.local/lib/python3.7/site-packages/airflow/models/taskinstance.py", line 2301, in xcom_push
    session=session,
  File "/home/airflow/.local/lib/python3.7/site-packages/airflow/utils/session.py", line 72, in wrapper
    return func(*args, **kwargs)
  File "/home/airflow/.local/lib/python3.7/site-packages/airflow/models/xcom.py", line 240, in set
    map_index=map_index,
  File "/home/airflow/.local/lib/python3.7/site-packages/airflow/models/xcom.py", line 627, in serialize_value
    return json.dumps(value, cls=XComEncoder).encode("UTF-8")
  File "/usr/local/lib/python3.7/json/__init__.py", line 238, in dumps
    **kw).encode(obj)
  File "/home/airflow/.local/lib/python3.7/site-packages/airflow/utils/json.py", line 176, in encode
    return super().encode(o)
  File "/usr/local/lib/python3.7/json/encoder.py", line 199, in encode
    chunks = self.iterencode(o, _one_shot=True)
  File "/usr/local/lib/python3.7/json/encoder.py", line 257, in iterencode
    return _iterencode(o, 0)
  File "/home/airflow/.local/lib/python3.7/site-packages/airflow/utils/json.py", line 153, in default
    CLASSNAME: o.__module__ + "." + o.__class__.__qualname__,
AttributeError: 'datetime.date' object has no attribute '__module__'
[2023-08-16T19:57:35.260+0000] {taskinstance.py:1327} INFO - Marking task as UP_FOR_RETRY. dag_id=random_user_v1, task_id=extract_relevant_credentials, execution_date=20230811T000000, start_date=20230816T195735, end_date=20230816T195735
[2023-08-16T19:57:35.268+0000] {standard_task_runner.py:105} ERROR - Failed to execute job 21 for task extract_relevant_credentials ('datetime.date' object has no attribute '__module__'; 1857)
[2023-08-16T19:57:35.288+0000] {local_task_job.py:159} INFO - Task exited with return code 1
[2023-08-16T19:57:35.309+0000] {taskinstance.py:2582} INFO - 0 downstream tasks scheduled from follow-on schedule check
