[2023-08-16T19:57:14.103+0000] {taskinstance.py:1087} INFO - Dependencies all met for <TaskInstance: random_user_v1.get_data_from_api scheduled__2023-08-09T00:00:00+00:00 [queued]>
[2023-08-16T19:57:14.110+0000] {taskinstance.py:1087} INFO - Dependencies all met for <TaskInstance: random_user_v1.get_data_from_api scheduled__2023-08-09T00:00:00+00:00 [queued]>
[2023-08-16T19:57:14.111+0000] {taskinstance.py:1283} INFO - 
--------------------------------------------------------------------------------
[2023-08-16T19:57:14.112+0000] {taskinstance.py:1284} INFO - Starting attempt 1 of 6
[2023-08-16T19:57:14.113+0000] {taskinstance.py:1285} INFO - 
--------------------------------------------------------------------------------
[2023-08-16T19:57:14.122+0000] {taskinstance.py:1304} INFO - Executing <Task(PythonOperator): get_data_from_api> on 2023-08-09 00:00:00+00:00
[2023-08-16T19:57:14.129+0000] {standard_task_runner.py:55} INFO - Started process 1805 to run task
[2023-08-16T19:57:14.134+0000] {standard_task_runner.py:82} INFO - Running: ['***', 'tasks', 'run', 'random_user_v1', 'get_data_from_api', 'scheduled__2023-08-09T00:00:00+00:00', '--job-id', '9', '--raw', '--subdir', 'DAGS_FOLDER/random_user_etl.py', '--cfg-path', '/tmp/tmpnjn0hney']
[2023-08-16T19:57:14.135+0000] {standard_task_runner.py:83} INFO - Job 9: Subtask get_data_from_api
[2023-08-16T19:57:14.201+0000] {task_command.py:389} INFO - Running <TaskInstance: random_user_v1.get_data_from_api scheduled__2023-08-09T00:00:00+00:00 [running]> on host c0eab1525b89
[2023-08-16T19:57:14.254+0000] {taskinstance.py:1513} INFO - Exporting the following env vars:
AIRFLOW_CTX_DAG_OWNER=mujjeeb
AIRFLOW_CTX_DAG_ID=random_user_v1
AIRFLOW_CTX_TASK_ID=get_data_from_api
AIRFLOW_CTX_EXECUTION_DATE=2023-08-09T00:00:00+00:00
AIRFLOW_CTX_TRY_NUMBER=1
AIRFLOW_CTX_DAG_RUN_ID=scheduled__2023-08-09T00:00:00+00:00
[2023-08-16T19:57:16.272+0000] {python.py:177} INFO - Done. Returned value was: {'results': [{'gender': 'male', 'name': {'title': 'Mr', 'first': 'Gordon', 'last': 'Mendoza'}, 'location': {'street': {'number': 1137, 'name': 'Green Lane'}, 'city': 'Belfast', 'state': 'Lincolnshire', 'country': 'United Kingdom', 'postcode': 'SL9 6FU', 'coordinates': {'latitude': '-5.9635', 'longitude': '-31.5954'}, 'timezone': {'offset': '-12:00', 'description': 'Eniwetok, Kwajalein'}}, 'email': 'gordon.mendoza@example.com', 'login': {'uuid': '6901319f-6b74-4e76-ad99-72a09a79ee63', 'username': 'organicmeercat541', 'password': '***', 'salt': 'zREq6Ez4', 'md5': '69202b356d3ae9f4bbfd6b0101d78cb4', 'sha1': '16bb77b59c18746058b58099ec47c99169787ea3', 'sha256': '778724c4f4649c243b98ed927d2fc12b561562a03ea6036b18e0aff7a2684e03'}, 'dob': {'date': '1953-01-09T21:54:03.760Z', 'age': 70}, 'registered': {'date': '2015-01-04T02:31:22.011Z', 'age': 8}, 'phone': '017683 89917', 'cell': '07347 096060', 'id': {'name': 'NINO', 'value': 'OW 07 43 51 B'}, 'picture': {'large': 'https://randomuser.me/api/portraits/men/3.jpg', 'medium': 'https://randomuser.me/api/portraits/med/men/3.jpg', 'thumbnail': 'https://randomuser.me/api/portraits/thumb/men/3.jpg'}, 'nat': 'GB'}], 'info': {'seed': 'cce842fb0ca77c65', 'results': 1, 'page': 1, 'version': '1.4'}}
[2023-08-16T19:57:16.317+0000] {taskinstance.py:1327} INFO - Marking task as SUCCESS. dag_id=random_user_v1, task_id=get_data_from_api, execution_date=20230809T000000, start_date=20230816T195714, end_date=20230816T195716
[2023-08-16T19:57:16.351+0000] {local_task_job.py:159} INFO - Task exited with return code 0
[2023-08-16T19:57:16.388+0000] {taskinstance.py:2582} INFO - 1 downstream tasks scheduled from follow-on schedule check
